
-----------------------------------------------------
 BPOPT Solver v1.0.6
-----------------------------------------------------
 Adjusting variables to interior region of bounds
 Iter    Objective  Convergence
    0  1.95795E+05  1.84892E+05
    1  1.09145E+04  3.38555E+04
       2.16462E+03  1.87219E+03
    2  1.15236E+04  2.14600E+04
    3  3.01245E+04  2.05578E+04
       2.19203E+03  8.37186E+03
       1.34974E+03  5.28917E+03
       5.91141E+03  1.41492E+04
    4  8.61147E+03  1.89603E+04
    5  9.30603E+03  3.58690E+04
    6  5.03585E+03  6.91270E+03
    7  4.99127E+03  5.85866E+03
    8  2.24488E+02  4.95596E+03
    9  1.10341E+03  1.18274E+03
   10  1.04322E+03  4.01921E+00
   11  1.04327E+03  1.53710E-02
       2.06279E+04  9.72527E+00
       5.37669E+03  2.15616E+00
       2.08245E+03  5.19054E-01
       1.31558E+03  1.36926E-01
       1.13185E+03  4.48702E-02
   12  1.08761E+03  2.24555E-02
       1.69837E+04  1.09329E+01
       4.54547E+03  2.40883E+00
       1.88372E+03  5.81487E-01
       1.26735E+03  1.56828E-01
       1.12043E+03  5.48695E-02
   13  1.08534E+03  3.01497E-02
       1.52206E+04  1.23275E+01
       4.13364E+03  2.69699E+00
       1.78453E+03  6.52138E-01
       1.24344E+03  1.79092E-01
       1.11508E+03  6.58847E-02
   14  1.08464E+03  3.85440E-02
 Iter    Objective  Convergence
   15  9.91002E+02  1.65998E+01
   16  1.05702E+03  3.76388E+01
   17  1.09314E+03  2.07630E+01
   18  1.10991E+03  1.21176E+01
   19  1.11503E+03  9.39245E+00
   20  1.11425E+03  3.42977E+00
       1.11312E+03  1.45887E+00
       1.11417E+03  1.90367E+00
   21  1.11427E+03  2.60224E+00
       1.14312E+03  5.13397E+01
   22  1.11447E+03  4.75817E+00
   23  1.11309E+03  2.26333E+00
   24  1.11436E+03  6.61270E-01
   25  1.37090E+03  5.14509E+02
   26  1.44534E+03  3.96596E+02
      -1.17249E+03  2.92999E+03
   27  1.38466E+03  3.06226E+02
       1.06920E+03  6.65882E+02
      -1.03900E+03  2.94428E+03
   28  1.56720E+03  3.31115E+02
       1.06912E+03  1.80196E+03
       7.90072E+02  1.48565E+03
   29  3.85318E+03  2.07534E+03
 Iter    Objective  Convergence
   30  4.15278E+04  4.45175E+04
   31  2.01434E+03  5.61849E+03
   32  1.08325E+03  9.49526E+02
       9.67285E+02  4.01015E+02
   33  1.22026E+03  4.89914E+02
   34  1.25644E+03  3.44881E+02
   35  1.54167E+03  3.72548E+02
       9.72369E+02  3.65324E+02
       1.56139E+03  4.31454E+02
   36  1.30017E+03  2.90841E+02
       1.00909E+03  5.64545E+02
       8.71248E+03  6.78525E+03
   37  1.42714E+03  2.84254E+02
       1.15921E+03  1.20335E+03
       6.51620E+02  1.36149E+03
   38  2.18924E+03  7.23970E+02
   39  1.16344E+04  1.13780E+04
   40 -3.32034E+02  2.88528E+03
      -2.10885E+03  1.46333E+03
      -1.89099E+03  9.39393E+02
   41 -1.54282E+03  2.07882E+03
   42  3.26427E+04  5.55289E+04
   43  9.38606E+02  1.56565E+03
   44  8.03539E+02  6.27840E+01
 Iter    Objective  Convergence
   45  8.00981E+02  1.28617E-01
   46  8.00976E+02  5.26000E-07
   47  8.07808E+02  1.17908E-05
   48  8.08373E+02  1.36016E-07
Successful solution
